Build started 5/1/2015 1:54:50 PM.
     1>Project "C:\Users\yshmnks\Documents\CSE_272\assignment1\hw1\hw1.vcxproj" on node 2 (Build target(s)).
     1>ClCompile:
         C:\Program Files (x86)\Microsoft Visual Studio 12.0\VC\bin\CL.exe /c /IC:\Users\yshmnks\Documents\CSE_272\assignment1\packages\glm.0.9.6.3\build\native\../..//build/native/include/ /IC:\Users\yshmnks\Documents\CSE_272\assignment1\packages\nupengl.core.0.0.0.1\build\native\../..//build/native/include/ /ZI /nologo /W3 /WX- /sdl /Od /Oy- /D _MBCS /Gm /EHsc /RTC1 /MDd /GS /fp:precise /Zc:wchar_t /Zc:forScope /Fo"Debug\\" /Fd"Debug\vc120.pdb" /Gd /TP /analyze- /errorReport:prompt miro\main.cpp
         main.cpp
     1>c:\users\yshmnks\documents\cse_272\assignment1\hw1\miro\parallelogramlight.h(33): warning C4250: 'ParallelogramLight' : inherits 'Parallelogram::Parallelogram::normal' via dominance
                 c:\users\yshmnks\documents\cse_272\assignment1\hw1\miro\parallelogram.h(46) : see declaration of 'Parallelogram::normal'
     1>c:\users\yshmnks\documents\cse_272\assignment1\hw1\miro\parallelogramlight.h(33): warning C4250: 'ParallelogramLight' : inherits 'Parallelogram::Parallelogram::intersect' via dominance
                 c:\users\yshmnks\documents\cse_272\assignment1\hw1\miro\parallelogram.h(50) : see declaration of 'Parallelogram::intersect'
       Link:
         C:\Program Files (x86)\Microsoft Visual Studio 12.0\VC\bin\link.exe /ERRORREPORT:PROMPT /OUT:"C:\Users\yshmnks\Documents\CSE_272\assignment1\Debug\hw1.exe" /INCREMENTAL /NOLOGO C:\Users\yshmnks\Documents\CSE_272\assignment1\packages\nupengl.core.0.0.0.1\build\native\../..//build/native/lib/Win32\v120\glew32.lib C:\Users\yshmnks\Documents\CSE_272\assignment1\packages\nupengl.core.0.0.0.1\build\native\../..//build/native/lib/Win32\v120\glfw3dll.lib C:\Users\yshmnks\Documents\CSE_272\assignment1\packages\nupengl.core.0.0.0.1\build\native\../..//build/native/lib/Win32\v120\freeglut.lib kernel32.lib user32.lib gdi32.lib winspool.lib comdlg32.lib advapi32.lib shell32.lib ole32.lib oleaut32.lib uuid.lib odbc32.lib odbccp32.lib /MANIFEST /MANIFESTUAC:"level='asInvoker' uiAccess='false'" /manifest:embed /DEBUG /PDB:"C:\Users\yshmnks\Documents\CSE_272\assignment1\Debug\hw1.pdb" /TLBID:1 /DYNAMICBASE /NXCOMPAT /IMPLIB:"C:\Users\yshmnks\Documents\CSE_272\assignment1\Debug\hw1.lib" /MACHINE:X86 Debug\AreaLight.obj
         Debug\BLPatch.obj
         Debug\BVH.obj
         Debug\Camera.obj
         Debug\Console.obj
         Debug\Image.obj
         Debug\Lambert.obj
         Debug\Light.obj
         Debug\main.obj
         Debug\Material.obj
         Debug\MiroWindow.obj
         Debug\Parallellogram.obj
         Debug\ParallelogramLight.obj
         Debug\PointLight.obj
         Debug\Scene.obj
         Debug\Sphere.obj
         Debug\Triangle.obj
         Debug\TriangleMesh.obj
         Debug\TriangleMeshLoad.obj
         Debug\Vector3.obj
         hw1.vcxproj -> C:\Users\yshmnks\Documents\CSE_272\assignment1\Debug\hw1.exe
     1>Done Building Project "C:\Users\yshmnks\Documents\CSE_272\assignment1\hw1\hw1.vcxproj" (Build target(s)).

Build succeeded.

Time Elapsed 00:00:01.31
